..................................                                       [100%]
================================ tests coverage ================================
_______________ coverage: platform linux, python 3.13.5-final-0 ________________

Name                  Stmts   Miss Branch BrPart  Cover   Missing
-----------------------------------------------------------------
plant_multiguide.py     296     33    102     13    86%   97, 104, 139, 149, 180->176, 206, 223, 227, 268, 330, 401-402, 405, 476-497, 505, 519-534, 548->546
sequence_sources.py     205     17     60     16    88%   66->exit, 72, 105-106, 118-119, 129, 131, 137, 148, 153, 201, 210, 230->227, 232->227, 236->243, 240-241, 259, 274, 291->278, 294
validation.py            72     17      6      2    73%   37-38, 114-132, 172-185, 201
-----------------------------------------------------------------
TOTAL                   573     67    168     31    85%
Coverage XML written to file coverage.xml
34 passed in 0.25s
