.....................................................................    [100%]
================================ tests coverage ================================
_______________ coverage: platform linux, python 3.12.14-final-0 _______________

Name                   Stmts   Miss Branch BrPart  Cover   Missing
------------------------------------------------------------------
accession_sources.py      94     16     36     12    77%   37->34, 39, 49, 58, 61, 94-103, 109, 121, 129, 138->126, 142, 150
plant_multiguide.py      358     15    124     14    94%   125, 160, 170, 201->197, 220, 222, 233, 259-262, 323, 385, 433->exit, 515, 578, 593->591, 621
run_state.py              30      2      6      2    89%   46, 49
sequence_sources.py      250     17     92     16    90%   66->exit, 105-106, 118-119, 131, 133, 146, 159, 166, 203, 205, 214->212, 219, 279, 288, 313, 328, 345->332, 348
validation.py             89      4     18      4    93%   112-113, 114->110, 196->201, 212-213
------------------------------------------------------------------
TOTAL                    821     54    276     48    91%
Coverage XML written to file coverage.xml
Required test coverage of 80% reached. Total coverage: 90.52%
69 passed in 4.59s
